<?xml version="1.0" encoding="UTF-8"?>
<!-- Generated by org.testng.reporters.JUnitReportReporter -->
<testsuite hostname="DESKTOP-C9LOC7F" failures="0" tests="1" name="test.registrationtest" time="20.425" errors="0" timestamp="2024-11-25T10:10:36 IST" skipped="0">
  <testcase classname="test.registrationtest" name="register" time="20.425"/>
</testsuite> <!-- test.registrationtest -->
