<?xml version="1.0" encoding="UTF-8"?>
<!-- Generated by org.testng.reporters.JUnitReportReporter -->
<testsuite hostname="DESKTOP-C9LOC7F" failures="0" tests="1" name="test.producttest" time="18.215" errors="0" timestamp="2024-11-21T19:09:46 IST" skipped="0">
  <testcase classname="test.producttest" name="verifyLoginWithValidCread" time="18.215"/>
</testsuite> <!-- test.producttest -->
