<?xml version="1.0" encoding="UTF-8"?>
<!-- Generated by org.testng.reporters.JUnitReportReporter -->
<testsuite hostname="DESKTOP-C9LOC7F" failures="0" tests="1" name="test.logintest" time="31.277" errors="0" timestamp="2024-11-25T10:11:31 IST" skipped="0">
  <testcase classname="test.logintest" name="verifyLoginWithValidCread" time="31.277"/>
</testsuite> <!-- test.logintest -->
