<?xml version="1.0" encoding="UTF-8"?>
<!-- Generated by org.testng.reporters.JUnitReportReporter -->
<testsuite hostname="DESKTOP-C9LOC7F" failures="0" tests="1" name="test.Brokenlink" time="136.685" errors="0" timestamp="2024-11-20T12:48:22 IST" skipped="0">
  <testcase classname="test.Brokenlink" name="verify_broken" time="136.685"/>
</testsuite> <!-- test.Brokenlink -->
