<?xml version="1.0" encoding="UTF-8"?>
<!-- Generated by org.testng.reporters.JUnitReportReporter -->
<testsuite hostname="DESKTOP-C9LOC7F" failures="0" tests="1" name="test.CheckinTest" time="43.473" errors="0" timestamp="2024-11-22T10:40:10 IST" skipped="0">
  <testcase classname="test.CheckinTest" name="checkout" time="43.473"/>
</testsuite> <!-- test.CheckinTest -->
