<?xml version="1.0" encoding="UTF-8"?>
<!-- Generated by org.testng.reporters.JUnitReportReporter -->
<testsuite hostname="DESKTOP-C9LOC7F" failures="0" tests="1" name="test.TotalBrockenLinks" time="1.845" errors="0" timestamp="2024-11-19T09:52:25 IST" skipped="0">
  <testcase classname="test.TotalBrockenLinks" name="links" time="1.845"/>
</testsuite> <!-- test.TotalBrockenLinks -->
